<?xml version="1.0" encoding="UTF-8"?>
<!-- Generated by org.testng.reporters.JUnitReportReporter -->
<testsuite hostname="DESKTOP-E4QVO0E" failures="0" tests="1" name="TestCases.loginTest" time="1.204" errors="0" timestamp="2025-03-24T21:32:54 IST" skipped="0">
  <testcase classname="TestCases.loginTest" name="verify_login_with_valid_credential" time="1.204"/>
</testsuite> <!-- TestCases.loginTest -->
